
==========
== CUDA ==
==========

CUDA Version 12.8.0

Container image Copyright (c) 2016-2023, NVIDIA CORPORATION & AFFILIATES. All rights reserved.

This container image and its contents are governed by the NVIDIA Deep Learning Container License.
By pulling and using the container, you accept the terms and conditions of this license:
https://developer.nvidia.com/ngc/nvidia-deep-learning-container-license

A copy of this license is made available in this container at /NGC-DL-CONTAINER-LICENSE for your convenience.

WARNING: The NVIDIA Driver was not detected.  GPU functionality will not be available.
   Use the NVIDIA Container Toolkit to start this container with GPU support; see
   https://docs.nvidia.com/datacenter/cloud-native/ .

Listening on 0.0.0.0:9999...
⭕ The root node has connected
⭕ peerWorkers: 6
⭕ NodeIndex: 0
⭕ Socket[0]: accepted root node
⭕ Connect worker-pair: localWorker=0 -> expectedPeerWorker=1 (b01ab_boundary_20260526_081611_edgevisor_boundar_n2:9999)
⭕ Socket[1]: connected to worker(globalNode=2, workerIndex=1)
⭕ Connect worker-pair: localWorker=0 -> expectedPeerWorker=2 (b01ab_boundary_20260526_081611_edgevisor_boundar_n3:9999)
⭕ Socket[2]: connected to worker(globalNode=3, workerIndex=2)
⭕ Connect worker-pair: localWorker=0 -> expectedPeerWorker=3 (b01ab_boundary_20260526_081611_edgevisor_boundar_n4:9999)
⭕ Socket[3]: connected to worker(globalNode=4, workerIndex=3)
⭕ Connect worker-pair: localWorker=0 -> expectedPeerWorker=4 (b01ab_boundary_20260526_081611_edgevisor_boundar_n5:9999)
⭕ Socket[4]: connected to worker(globalNode=5, workerIndex=4)
⭕ Connect worker-pair: localWorker=0 -> expectedPeerWorker=5 (b01ab_boundary_20260526_081611_edgevisor_boundar_n6:9999)
⭕ Socket[5]: connected to worker(globalNode=6, workerIndex=5)
⭕ Connect worker-pair: localWorker=0 -> expectedPeerWorker=6 (b01ab_boundary_20260526_081611_edgevisor_boundar_n7:9999)
⭕ Socket[6]: connected to worker(globalNode=7, workerIndex=6)
⭕ Network is initialized
📀 RequiredMemory: 2407 MB
🔍 [DEBUG] parseStageDefs received: "1:1:1*1:1:1*1:1"
⚖️  [Auto-Split] Stage 0 (Weight 3.00): Assigned 11 layers
⚖️  [Auto-Split] Stage 1 (Weight 3.00): Assigned 11 layers
⚖️  [Auto-Split] Stage 2 (Weight 2.00): Assigned 6 layers
🧠 CPU: avx2 avx512f
🧱 [executor-init] node=1 segment=0 kind=other role=unguarded enabled=1 activeLayer=0 redundantLayer=-1 nOps=1 nSyncs=1 createExec=1 createSync=1
🧱 [executor-init] node=1 segment=1 kind=attn role=primary enabled=1 activeLayer=0 redundantLayer=-1 nOps=15 nSyncs=1 createExec=1 createSync=1
🧱 [executor-init] node=1 segment=2 kind=ffn role=primary enabled=1 activeLayer=0 redundantLayer=-1 nOps=11 nSyncs=1 createExec=1 createSync=1
🧱 [executor-init] node=1 segment=3 kind=other role=primary enabled=1 activeLayer=0 redundantLayer=-1 nOps=1 nSyncs=1 createExec=1 createSync=1
🧱 [executor-init] node=1 segment=4 kind=other role=primary enabled=1 activeLayer=0 redundantLayer=-1 nOps=1 nSyncs=0 createExec=1 createSync=0
🧱 [executor-init] node=1 segment=5 kind=attn role=primary enabled=1 activeLayer=1 redundantLayer=-1 nOps=15 nSyncs=1 createExec=1 createSync=1
🧱 [executor-init] node=1 segment=6 kind=ffn role=primary enabled=1 activeLayer=1 redundantLayer=-1 nOps=11 nSyncs=1 createExec=1 createSync=1
🧱 [executor-init] node=1 segment=7 kind=other role=primary enabled=1 activeLayer=1 redundantLayer=-1 nOps=1 nSyncs=1 createExec=1 createSync=1
🧱 [executor-init] node=1 segment=8 kind=other role=primary enabled=1 activeLayer=1 redundantLayer=-1 nOps=1 nSyncs=0 createExec=1 createSync=0
🧱 [executor-init] node=1 segment=9 kind=attn role=primary enabled=1 activeLayer=2 redundantLayer=-1 nOps=15 nSyncs=1 createExec=1 createSync=1
🧱 [executor-init] node=1 segment=10 kind=ffn role=primary enabled=1 activeLayer=2 redundantLayer=-1 nOps=11 nSyncs=1 createExec=1 createSync=1
🧱 [executor-init] node=1 segment=11 kind=other role=primary enabled=1 activeLayer=2 redundantLayer=-1 nOps=1 nSyncs=1 createExec=1 createSync=1
🧱 [executor-init] node=1 segment=12 kind=other role=primary enabled=1 activeLayer=2 redundantLayer=-1 nOps=1 nSyncs=0 createExec=1 createSync=0
🧱 [executor-init] node=1 segment=13 kind=attn role=primary enabled=1 activeLayer=3 redundantLayer=-1 nOps=15 nSyncs=1 createExec=1 createSync=1
🧱 [executor-init] node=1 segment=14 kind=ffn role=primary enabled=1 activeLayer=3 redundantLayer=-1 nOps=11 nSyncs=1 createExec=1 createSync=1
🧱 [executor-init] node=1 segment=15 kind=other role=primary enabled=1 activeLayer=3 redundantLayer=-1 nOps=1 nSyncs=1 createExec=1 createSync=1
🧱 [executor-init] node=1 segment=16 kind=other role=primary enabled=1 activeLayer=3 redundantLayer=-1 nOps=1 nSyncs=0 createExec=1 createSync=0
🧱 [executor-init] node=1 segment=17 kind=attn role=primary enabled=1 activeLayer=4 redundantLayer=-1 nOps=15 nSyncs=1 createExec=1 createSync=1
🧱 [executor-init] node=1 segment=18 kind=ffn role=primary enabled=1 activeLayer=4 redundantLayer=-1 nOps=11 nSyncs=1 createExec=1 createSync=1
🧱 [executor-init] node=1 segment=19 kind=other role=primary enabled=1 activeLayer=4 redundantLayer=-1 nOps=1 nSyncs=1 createExec=1 createSync=1
🧱 [executor-init] node=1 segment=20 kind=other role=primary enabled=1 activeLayer=4 redundantLayer=-1 nOps=1 nSyncs=0 createExec=1 createSync=0
🧱 [executor-init] node=1 segment=21 kind=attn role=primary enabled=1 activeLayer=5 redundantLayer=-1 nOps=15 nSyncs=1 createExec=1 createSync=1
🧱 [executor-init] node=1 segment=22 kind=ffn role=primary enabled=1 activeLayer=5 redundantLayer=-1 nOps=11 nSyncs=1 createExec=1 createSync=1
🧱 [executor-init] node=1 segment=23 kind=other role=primary enabled=1 activeLayer=5 redundantLayer=-1 nOps=1 nSyncs=1 createExec=1 createSync=1
🧱 [executor-init] node=1 segment=24 kind=other role=primary enabled=1 activeLayer=5 redundantLayer=-1 nOps=1 nSyncs=0 createExec=1 createSync=0
🧱 [executor-init] node=1 segment=25 kind=attn role=primary enabled=1 activeLayer=6 redundantLayer=-1 nOps=15 nSyncs=1 createExec=1 createSync=1
🧱 [executor-init] node=1 segment=26 kind=ffn role=primary enabled=1 activeLayer=6 redundantLayer=-1 nOps=11 nSyncs=1 createExec=1 createSync=1
🧱 [executor-init] node=1 segment=27 kind=other role=primary enabled=1 activeLayer=6 redundantLayer=-1 nOps=1 nSyncs=1 createExec=1 createSync=1
🧱 [executor-init] node=1 segment=28 kind=other role=primary enabled=1 activeLayer=6 redundantLayer=-1 nOps=1 nSyncs=0 createExec=1 createSync=0
🧱 [executor-init] node=1 segment=29 kind=attn role=primary enabled=1 activeLayer=7 redundantLayer=-1 nOps=15 nSyncs=1 createExec=1 createSync=1
🧱 [executor-init] node=1 segment=30 kind=ffn role=primary enabled=1 activeLayer=7 redundantLayer=-1 nOps=11 nSyncs=1 createExec=1 createSync=1
🧱 [executor-init] node=1 segment=31 kind=other role=primary enabled=1 activeLayer=7 redundantLayer=-1 nOps=1 nSyncs=1 createExec=1 createSync=1
🧱 [executor-init] node=1 segment=32 kind=other role=primary enabled=1 activeLayer=7 redundantLayer=-1 nOps=1 nSyncs=0 createExec=1 createSync=0
🧱 [executor-init] node=1 segment=33 kind=attn role=primary enabled=1 activeLayer=8 redundantLayer=-1 nOps=15 nSyncs=1 createExec=1 createSync=1
🧱 [executor-init] node=1 segment=34 kind=ffn role=primary enabled=1 activeLayer=8 redundantLayer=-1 nOps=11 nSyncs=1 createExec=1 createSync=1
🧱 [executor-init] node=1 segment=35 kind=other role=primary enabled=1 activeLayer=8 redundantLayer=-1 nOps=1 nSyncs=1 createExec=1 createSync=1
🧱 [executor-init] node=1 segment=36 kind=other role=primary enabled=1 activeLayer=8 redundantLayer=-1 nOps=1 nSyncs=0 createExec=1 createSync=0
🧱 [executor-init] node=1 segment=37 kind=attn role=primary enabled=1 activeLayer=9 redundantLayer=-1 nOps=15 nSyncs=1 createExec=1 createSync=1
🧱 [executor-init] node=1 segment=38 kind=ffn role=primary enabled=1 activeLayer=9 redundantLayer=-1 nOps=11 nSyncs=1 createExec=1 createSync=1
🧱 [executor-init] node=1 segment=39 kind=other role=primary enabled=1 activeLayer=9 redundantLayer=-1 nOps=1 nSyncs=1 createExec=1 createSync=1
🧱 [executor-init] node=1 segment=40 kind=other role=primary enabled=1 activeLayer=9 redundantLayer=-1 nOps=1 nSyncs=0 createExec=1 createSync=0
🧱 [executor-init] node=1 segment=41 kind=attn role=primary enabled=1 activeLayer=10 redundantLayer=-1 nOps=15 nSyncs=1 createExec=1 createSync=1
🧱 [executor-init] node=1 segment=42 kind=ffn role=primary enabled=1 activeLayer=10 redundantLayer=-1 nOps=11 nSyncs=1 createExec=1 createSync=1
🧱 [executor-init] node=1 segment=43 kind=other role=primary enabled=1 activeLayer=10 redundantLayer=-1 nOps=1 nSyncs=1 createExec=1 createSync=1
🧱 [executor-init] node=1 segment=44 kind=other role=primary enabled=1 activeLayer=10 redundantLayer=-1 nOps=1 nSyncs=0 createExec=1 createSync=0
