Listening on 0.0.0.0:20042...
⭕ The root node has connected
⭕ peerWorkers: 1
⭕ NodeIndex: 1
⭕ Socket[0]: accepted root node
⭕ Waiting worker-pair accept: localWorker=1 expecting one of [0..0]
⭕ Socket[1]: accepted worker(globalNode=1, workerIndex=0)
⭕ Network is initialized
📀 RequiredMemory: 898 MB
🔍 [DEBUG] parseStageDefs received: "1@8*1@10*1@10"
🧠 CPU: avx2 avx512f
🧱 [executor-init] node=2 segment=0 kind=other role=unguarded enabled=1 activeLayer=-1 redundantLayer=-1 nOps=0 nSyncs=0 createExec=0 createSync=0
🧱 [executor-init] node=2 segment=1 kind=other role=unguarded enabled=1 activeLayer=-1 redundantLayer=-1 nOps=0 nSyncs=2 createExec=0 createSync=1
🧱 [executor-init] node=2 segment=2 kind=attn role=redundant enabled=0 activeLayer=17 redundantLayer=17 nOps=15 nSyncs=1 createExec=1 createSync=1
🧱 [executor-init] node=2 segment=3 kind=ffn role=redundant enabled=0 activeLayer=17 redundantLayer=17 nOps=6 nSyncs=0 createExec=1 createSync=0
🧱 [executor-init] node=2 segment=4 kind=attn role=primary enabled=1 activeLayer=18 redundantLayer=-1 nOps=15 nSyncs=1 createExec=1 createSync=1
🧱 [executor-init] node=2 segment=5 kind=ffn role=primary enabled=1 activeLayer=18 redundantLayer=-1 nOps=11 nSyncs=1 createExec=1 createSync=1
🧱 [executor-init] node=2 segment=6 kind=attn role=primary enabled=1 activeLayer=19 redundantLayer=-1 nOps=15 nSyncs=1 createExec=1 createSync=1
🧱 [executor-init] node=2 segment=7 kind=ffn role=primary enabled=1 activeLayer=19 redundantLayer=-1 nOps=11 nSyncs=1 createExec=1 createSync=1
🧱 [executor-init] node=2 segment=8 kind=attn role=primary enabled=1 activeLayer=20 redundantLayer=-1 nOps=15 nSyncs=1 createExec=1 createSync=1
🧱 [executor-init] node=2 segment=9 kind=ffn role=primary enabled=1 activeLayer=20 redundantLayer=-1 nOps=11 nSyncs=1 createExec=1 createSync=1
🧱 [executor-init] node=2 segment=10 kind=attn role=primary enabled=1 activeLayer=21 redundantLayer=-1 nOps=15 nSyncs=1 createExec=1 createSync=1
🧱 [executor-init] node=2 segment=11 kind=ffn role=primary enabled=1 activeLayer=21 redundantLayer=-1 nOps=11 nSyncs=1 createExec=1 createSync=1
🧱 [executor-init] node=2 segment=12 kind=attn role=primary enabled=1 activeLayer=22 redundantLayer=-1 nOps=15 nSyncs=1 createExec=1 createSync=1
🧱 [executor-init] node=2 segment=13 kind=ffn role=primary enabled=1 activeLayer=22 redundantLayer=-1 nOps=11 nSyncs=1 createExec=1 createSync=1
🧱 [executor-init] node=2 segment=14 kind=attn role=primary enabled=1 activeLayer=23 redundantLayer=-1 nOps=15 nSyncs=1 createExec=1 createSync=1
🧱 [executor-init] node=2 segment=15 kind=ffn role=primary enabled=1 activeLayer=23 redundantLayer=-1 nOps=11 nSyncs=1 createExec=1 createSync=1
🧱 [executor-init] node=2 segment=16 kind=attn role=primary enabled=1 activeLayer=24 redundantLayer=-1 nOps=15 nSyncs=1 createExec=1 createSync=1
🧱 [executor-init] node=2 segment=17 kind=ffn role=primary enabled=1 activeLayer=24 redundantLayer=-1 nOps=11 nSyncs=1 createExec=1 createSync=1
🧱 [executor-init] node=2 segment=18 kind=attn role=primary enabled=1 activeLayer=25 redundantLayer=-1 nOps=15 nSyncs=1 createExec=1 createSync=1
🧱 [executor-init] node=2 segment=19 kind=ffn role=primary enabled=1 activeLayer=25 redundantLayer=-1 nOps=11 nSyncs=1 createExec=1 createSync=1
🧱 [executor-init] node=2 segment=20 kind=attn role=primary enabled=1 activeLayer=26 redundantLayer=-1 nOps=15 nSyncs=1 createExec=1 createSync=1
🧱 [executor-init] node=2 segment=21 kind=ffn role=primary enabled=1 activeLayer=26 redundantLayer=-1 nOps=11 nSyncs=1 createExec=1 createSync=1
🧱 [executor-init] node=2 segment=22 kind=attn role=primary enabled=1 activeLayer=27 redundantLayer=-1 nOps=17 nSyncs=3 createExec=1 createSync=1
🧱 [executor-init] node=2 segment=23 kind=ffn role=primary enabled=1 activeLayer=27 redundantLayer=-1 nOps=11 nSyncs=1 createExec=1 createSync=1
🧱 [executor-init] node=2 segment=24 kind=other role=unguarded enabled=1 activeLayer=0 redundantLayer=-1 nOps=6 nSyncs=1 createExec=1 createSync=1
🚀 Worker 2: 