Listening on 0.0.0.0:19601...
⭕ The root node has connected
⭕ peerWorkers: 0
⭕ NodeIndex: 0
⭕ Socket[0]: accepted root node
⭕ Network is initialized
📀 RequiredMemory: 953 MB
🔍 [DEBUG] parseStageDefs received: "1:1"
⚖️  [Auto-Split] Stage 0 (Weight 2.00): Assigned 28 layers
🌋 Device: Tesla T4
🌋 DeviceApiVersion: 1.4.303
🌋 MaxComputeSharedMemory: 48 kB
🌋 NonCoherentAtomSize: 64 bytes
🌋 Heap[0]: 15360 MB
🌋 Heap[2]: 246 MB
🧱 [executor-init] node=1 segment=0 kind=other role=unguarded enabled=1 activeLayer=-1 redundantLayer=-1 nOps=0 nSyncs=1 createExec=0 createSync=1
🧱 [executor-init] node=1 segment=1 kind=attn role=primary enabled=1 activeLayer=0 redundantLayer=-1 nOps=15 nSyncs=1 createExec=1 createSync=1
🧱 [executor-init] node=1 segment=2 kind=ffn role=primary enabled=1 activeLayer=0 redundantLayer=-1 nOps=11 nSyncs=1 createExec=1 createSync=1
🧱 [executor-init] node=1 segment=3 kind=attn role=primary enabled=1 activeLayer=1 redundantLayer=-1 nOps=15 nSyncs=1 createExec=1 createSync=1
🧱 [executor-init] node=1 segment=4 kind=ffn role=primary enabled=1 activeLayer=1 redundantLayer=-1 nOps=11 nSyncs=1 createExec=1 createSync=1
🧱 [executor-init] node=1 segment=5 kind=attn role=primary enabled=1 activeLayer=2 redundantLayer=-1 nOps=15 nSyncs=1 createExec=1 createSync=1
🧱 [executor-init] node=1 segment=6 kind=ffn role=primary enabled=1 activeLayer=2 redundantLayer=-1 nOps=11 nSyncs=1 createExec=1 createSync=1
🧱 [executor-init] node=1 segment=7 kind=attn role=primary enabled=1 activeLayer=3 redundantLayer=-1 nOps=15 nSyncs=1 createExec=1 createSync=1
🧱 [executor-init] node=1 segment=8 kind=ffn role=primary enabled=1 activeLayer=3 redundantLayer=-1 nOps=11 nSyncs=1 createExec=1 createSync=1
🧱 [executor-init] node=1 segment=9 kind=attn role=primary enabled=1 activeLayer=4 redundantLayer=-1 nOps=15 nSyncs=1 createExec=1 createSync=1
🧱 [executor-init] node=1 segment=10 kind=ffn role=primary enabled=1 activeLayer=4 redundantLayer=-1 nOps=11 nSyncs=1 createExec=1 createSync=1
🧱 [executor-init] node=1 segment=11 kind=attn role=primary enabled=1 activeLayer=5 redundantLayer=-1 nOps=15 nSyncs=1 createExec=1 createSync=1
🧱 [executor-init] node=1 segment=12 kind=ffn role=primary enabled=1 activeLayer=5 redundantLayer=-1 nOps=11 nSyncs=1 createExec=1 createSync=1
🧱 [executor-init] node=1 segment=13 kind=attn role=primary enabled=1 activeLayer=6 redundantLayer=-1 nOps=15 nSyncs=1 createExec=1 createSync=1
🧱 [executor-init] node=1 segment=14 kind=ffn role=primary enabled=1 activeLayer=6 redundantLayer=-1 nOps=11 nSyncs=1 createExec=1 createSync=1
🧱 [executor-init] node=1 segment=15 kind=attn role=primary enabled=1 activeLayer=7 redundantLayer=-1 nOps=15 nSyncs=1 createExec=1 createSync=1
🧱 [executor-init] node=1 segment=16 kind=ffn role=primary enabled=1 activeLayer=7 redundantLayer=-1 nOps=11 nSyncs=1 createExec=1 createSync=1
🧱 [executor-init] node=1 segment=17 kind=attn role=primary enabled=1 activeLayer=8 redundantLayer=-1 nOps=15 nSyncs=1 createExec=1 createSync=1
🧱 [executor-init] node=1 segment=18 kind=ffn role=primary enabled=1 activeLayer=8 redundantLayer=-1 nOps=11 nSyncs=1 createExec=1 createSync=1
🧱 [executor-init] node=1 segment=19 kind=attn role=primary enabled=1 activeLayer=9 redundantLayer=-1 nOps=15 nSyncs=1 createExec=1 createSync=1
🧱 [executor-init] node=1 segment=20 kind=ffn role=primary enabled=1 activeLayer=9 redundantLayer=-1 nOps=11 nSyncs=1 createExec=1 createSync=1
🧱 [executor-init] node=1 segment=21 kind=attn role=primary enabled=1 activeLayer=10 redundantLayer=-1 nOps=15 nSyncs=1 createExec=1 createSync=1
🧱 [executor-init] node=1 segment=22 kind=ffn role=primary enabled=1 activeLayer=10 redundantLayer=-1 nOps=11 nSyncs=1 createExec=1 createSync=1
🧱 [executor-init] node=1 segment=23 kind=attn role=primary enabled=1 activeLayer=11 redundantLayer=-1 nOps=15 nSyncs=1 createExec=1 createSync=1
🧱 [executor-init] node=1 segment=24 kind=ffn role=primary enabled=1 activeLayer=11 redundantLayer=-1 nOps=11 nSyncs=1 createExec=1 createSync=1
🧱 [executor-init] node=1 segment=25 kind=attn role=primary enabled=1 activeLayer=12 redundantLayer=-1 nOps=15 nSyncs=1 createExec=1 createSync=1
🧱 [executor-init] node=1 segment=26 kind=ffn role=primary enabled=1 activeLayer=12 redundantLayer=-1 nOps=11 nSyncs=1 createExec=1 createSync=1
🧱 [executor-init] node=1 segment=27 kind=attn role=primary enabled=1 activeLayer=13 redundantLayer=-1 nOps=15 nSyncs=1 createExec=1 createSync=1
🧱 [executor-init] node=1 segment=28 kind=ffn role=primary enabled=1 activeLayer=13 redundantLayer=-1 nOps=11 nSyncs=1 createExec=1 createSync=1
🧱 [executor-init] node=1 segment=29 kind=attn role=primary enabled=1 activeLayer=14 redundantLayer=-1 nOps=15 nSyncs=1 createExec=1 createSync=1
🧱 [executor-init] node=1 segment=30 kind=ffn role=primary enabled=1 activeLayer=14 redundantLayer=-1 nOps=11 nSyncs=1 createExec=1 createSync=1
🧱 [executor-init] node=1 segment=31 kind=attn role=primary enabled=1 activeLayer=15 redundantLayer=-1 nOps=15 nSyncs=1 createExec=1 createSync=1
🧱 [executor-init] node=1 segment=32 kind=ffn role=primary enabled=1 activeLayer=15 redundantLayer=-1 nOps=11 nSyncs=1 createExec=1 createSync=1
🧱 [executor-init] node=1 segment=33 kind=attn role=primary enabled=1 activeLayer=16 redundantLayer=-1 nOps=15 nSyncs=1 createExec=1 createSync=1
🧱 [executor-init] node=1 segment=34 kind=ffn role=primary enabled=1 activeLayer=16 redundantLayer=-1 nOps=11 nSyncs=1 createExec=1 createSync=1
🧱 [executor-init] node=1 segment=35 kind=attn role=primary enabled=1 activeLayer=17 redundantLayer=-1 nOps=15 nSyncs=1 createExec=1 createSync=1
🧱 [executor-init] node=1 segment=36 kind=ffn role=primary enabled=1 activeLayer=17 redundantLayer=-1 nOps=11 nSyncs=1 createExec=1 createSync=1
🧱 [executor-init] node=1 segment=37 kind=attn role=primary enabled=1 activeLayer=18 redundantLayer=-1 nOps=15 nSyncs=1 createExec=1 createSync=1
🧱 [executor-init] node=1 segment=38 kind=ffn role=primary enabled=1 activeLayer=18 redundantLayer=-1 nOps=11 nSyncs=1 createExec=1 createSync=1
🧱 [executor-init] node=1 segment=39 kind=attn role=primary enabled=1 activeLayer=19 redundantLayer=-1 nOps=15 nSyncs=1 createExec=1 createSync=1
🧱 [executor-init] node=1 segment=40 kind=ffn role=primary enabled=1 activeLayer=19 redundantLayer=-1 nOps=11 nSyncs=1 createExec=1 createSync=1
🧱 [executor-init] node=1 segment=41 kind=attn role=primary enabled=1 activeLayer=20 redundantLayer=-1 nOps=15 nSyncs=1 createExec=1 createSync=1
🧱 [executor-init] node=1 segment=42 kind=ffn role=primary enabled=1 activeLayer=20 redundantLayer=-1 nOps=11 nSyncs=1 createExec=1 createSync=1
🧱 [executor-init] node=1 segment=43 kind=attn role=primary enabled=1 activeLayer=21 redundantLayer=-1 nOps=15 nSyncs=1 createExec=1 createSync=1
🧱 [executor-init] node=1 segment=44 kind=ffn role=primary enabled=1 activeLayer=21 redundantLayer=-1 nOps=11 nSyncs=1 createExec=1 createSync=1
🧱 [executor-init] node=1 segment=45 kind=attn role=primary enabled=1 activeLayer=22 redundantLayer=-1 nOps=15 nSyncs=1 createExec=1 createSync=1
🧱 [executor-init] node=1 segment=46 kind=ffn role=primary enabled=1 activeLayer=22 redundantLayer=-1 nOps=11 nSyncs=1 createExec=1 createSync=1
🧱 [executor-init] node=1 segment=47 kind=attn role=primary enabled=1 activeLayer=23 redundantLayer=-1 nOps=15 nSyncs=1 createExec=1 createSync=1
🧱 [executor-init] node=1 segment=48 kind=ffn role=primary enabled=1 activeLayer=23 redundantLayer=-1 nOps=11 nSyncs=1 createExec=1 createSync=1
🧱 [executor-init] node=1 segment=49 kind=attn role=primary enabled=1 activeLayer=24 redundantLayer=-1 nOps=15 nSyncs=1 createExec=1 createSync=1
🧱 [executor-init] node=1 segment=50 kind=ffn role=primary enabled=1 activeLayer=24 redundantLayer=-1 nOps=11 nSyncs=1 createExec=1 createSync=1
🧱 [executor-init] node=1 segment=51 kind=attn role=primary enabled=1 activeLayer=25 redundantLayer=-1 nOps=15 nSyncs=1 createExec=1 createSync=1
🧱 [executor-init] node=1 segment=52 kind=ffn role=primary enabled=1 activeLayer=25 re