
==========
== CUDA ==
==========

CUDA Version 12.8.0

Container image Copyright (c) 2016-2023, NVIDIA CORPORATION & AFFILIATES. All rights reserved.

This container image and its contents are governed by the NVIDIA Deep Learning Container License.
By pulling and using the container, you accept the terms and conditions of this license:
https://developer.nvidia.com/ngc/nvidia-deep-learning-container-license

A copy of this license is made available in this container at /NGC-DL-CONTAINER-LICENSE for your convenience.

WARNING: The NVIDIA Driver was not detected.  GPU functionality will not be available.
   Use the NVIDIA Container Toolkit to start this container with GPU support; see
   https://docs.nvidia.com/datacenter/cloud-native/ .

Listening on 0.0.0.0:9999...
⭕ The root node has connected
⭕ peerWorkers: 1
⭕ NodeIndex: 0
⭕ Socket[0]: accepted root node
⭕ Connect worker-pair: localWorker=0 -> expectedPeerWorker=1 (b01ab_vg_boundary_coarse_20260527_073240_vg_boun_n2:9999)
⭕ Socket[1]: connected to worker(globalNode=2, workerIndex=1)
⭕ Network is initialized
📀 RequiredMemory: 740 MB
🔍 [DEBUG] parseStageDefs received: "1@10*1@9*1@9"
🧠 CPU: avx2 avx512f
🧱 [executor-init] node=1 segment=0 kind=other role=unguarded enabled=1 activeLayer=-1 redundantLayer=-1 nOps=0 nSyncs=0 createExec=0 createSync=0
🧱 [executor-init] node=1 segment=1 kind=other role=unguarded enabled=1 activeLayer=-1 redundantLayer=-1 nOps=0 nSyncs=2 createExec=0 createSync=1
🧱 [executor-init] node=1 segment=2 kind=attn role=redundant enabled=0 activeLayer=9 redundantLayer=9 nOps=15 nSyncs=1 createExec=1 createSync=1
🧱 [executor-init] node=1 segment=3 kind=ffn role=redundant enabled=0 activeLayer=9 redundantLayer=9 nOps=6 nSyncs=0 createExec=1 createSync=0
🧱 [executor-init] node=1 segment=4 kind=attn role=primary enabled=1 activeLayer=10 redundantLayer=-1 nOps=15 nSyncs=1 createExec=1 createSync=1
🧱 [executor-init] node=1 segment=5 kind=ffn role=primary enabled=1 activeLayer=10 redundantLayer=-1 nOps=11 nSyncs=1 createExec=1 createSync=1
🧱 [executor-init] node=1 segment=6 kind=attn role=primary enabled=1 activeLayer=11 redundantLayer=-1 nOps=15 nSyncs=1 createExec=1 createSync=1
🧱 [executor-init] node=1 segment=7 kind=ffn role=primary enabled=1 activeLayer=11 redundantLayer=-1 nOps=11 nSyncs=1 createExec=1 createSync=1
🧱 [executor-init] node=1 segment=8 kind=attn role=primary enabled=1 activeLayer=12 redundantLayer=-1 nOps=15 nSyncs=1 createExec=1 createSync=1
🧱 [executor-init] node=1 segment=9 kind=ffn role=primary enabled=1 activeLayer=12 redundantLayer=-1 nOps=11 nSyncs=1 createExec=1 createSync=1
🧱 [executor-init] node=1 segment=10 kind=attn role=primary enabled=1 activeLayer=13 redundantLayer=-1 nOps=15 nSyncs=1 createExec=1 createSync=1
🧱 [executor-init] node=1 segment=11 kind=ffn role=primary enabled=1 activeLayer=13 redundantLayer=-1 nOps=11 nSyncs=1 createExec=1 createSync=1
🧱 [executor-init] node=1 segment=12 kind=attn role=primary enabled=1 activeLayer=14 redundantLayer=-1 nOps=15 nSyncs=1 createExec=1 createSync=1
🧱 [executor-init] node=1 segment=13 kind=ffn role=primary enabled=1 activeLayer=14 redundantLayer=-1 nOps=11 nSyncs=1 createExec=1 createSync=1
🧱 [executor-init] node=1 segment=14 kind=attn role=primary enabled=1 activeLayer=15 redundantLayer=-1 nOps=15 nSyncs=1 createExec=1 createSync=1
🧱 [executor-init] node=1 segment=15 kind=ffn role=primary enabled=1 activeLayer=15 redundantLayer=-1 nOps=11 nSyncs=1 createExec=1 createSync=1
🧱 [executor-init] node=1 segment=16 kind=attn role=primary enabled=1 activeLayer=16 redundantLayer=-1 nOps=15 nSyncs=1 createExec=1 createSync=1
🧱 [executor-init] node=1 segment=17 kind=ffn role=primary enabled=1 activeLayer=16 redundantLayer=-1 nOps=11 nSyncs=1 createExec=1 createSync=1
🧱 [executor-init] node=1 segment=18 kind=attn role=primary enabled=1 activeLayer=17 redundantLayer=-1 nOps=15 nSyncs=1 createExec=1 createSync=1
🧱 [executor-init] node=1 segment=19 kind=ffn role=primary enabled=1 activeLayer=17 redundantLayer=-1 nOps=11 nSyncs=1 createExec=1 createSync=1
🧱 [executor-init] node=1 segment=20 kind=attn role=primary enabled=1 activeLayer=18 redundantLayer=-1 nOps=15 nSyncs=1 createExec=1 createSync=1
🧱 [executor-init] node=1 segment=21 kind=ffn role=primary enabled=1 activeLayer=18 redundantLayer=-1 nOps=11 nSyncs=1 createExec=1 createSync=1
🧱 [executor-init] node=1 segment=22 kind=attn role=redundant enabled=0 activeLayer=19 redundantLayer=19 nOps=15 nSyncs=1 createExec=1 createSync=1
🧱 [executor-init] node=1 segment=23 kind=ffn role=redundant enabled=0 activeLayer=19 redundantLayer=19 nOps=6 nSyncs=0 createExec=1 createSync=0
