
==========
== CUDA ==
==========

CUDA Version 12.8.0

Container image Copyright (c) 2016-2023, NVIDIA CORPORATION & AFFILIATES. All rights reserved.

This container image and its contents are governed by the NVIDIA Deep Learning Container License.
By pulling and using the container, you accept the terms and conditions of this license:
https://developer.nvidia.com/ngc/nvidia-deep-learning-container-license

A copy of this license is made available in this container at /NGC-DL-CONTAINER-LICENSE for your convenience.

WARNING: The NVIDIA Driver was not detected.  GPU functionality will not be available.
   Use the NVIDIA Container Toolkit to start this container with GPU support; see
   https://docs.nvidia.com/datacenter/cloud-native/ .

Listening on 0.0.0.0:9999...
⭕ The root node has connected
⭕ peerWorkers: 6
⭕ NodeIndex: 4
⭕ Socket[0]: accepted root node
⭕ Waiting worker-pair accept: localWorker=4 expecting one of [0..3]
⭕ Socket[1]: accepted worker(globalNode=1, workerIndex=0)
⭕ Waiting worker-pair accept: localWorker=4 expecting one of [0..3]
⭕ Socket[2]: accepted worker(globalNode=2, workerIndex=1)
⭕ Waiting worker-pair accept: localWorker=4 expecting one of [0..3]
⭕ Socket[3]: accepted worker(globalNode=3, workerIndex=2)
⭕ Waiting worker-pair accept: localWorker=4 expecting one of [0..3]
⭕ Socket[4]: accepted worker(globalNode=4, workerIndex=3)
⭕ Connect worker-pair: localWorker=4 -> expectedPeerWorker=5 (b01ab_boundary_20260526_082514_edgevisor_boundar_n6:9999)
⭕ Socket[5]: connected to worker(globalNode=6, workerIndex=5)
⭕ Connect worker-pair: localWorker=4 -> expectedPeerWorker=6 (b01ab_boundary_20260526_082514_edgevisor_boundar_n7:9999)
⭕ Socket[6]: connected to worker(globalNode=7, workerIndex=6)
⭕ Network is initialized
📀 RequiredMemory: 635 MB
🔍 [DEBUG] parseStageDefs received: "1:1:1*1:1:1*1:1"
⚖️  [Auto-Split] Stage 0 (Weight 3.00): Assigned 12 layers
⚖️  [Auto-Split] Stage 1 (Weight 3.00): Assigned 12 layers
⚖️  [Auto-Split] Stage 2 (Weight 2.00): Assigned 8 layers
🧠 CPU: avx2 avx512f
🧱 [executor-init] node=5 segment=0 kind=other role=unguarded enabled=1 activeLayer=-1 redundantLayer=-1 nOps=0 nSyncs=0 createExec=0 createSync=0
🧱 [executor-init] node=5 segment=1 kind=other role=unguarded enabled=1 activeLayer=-1 redundantLayer=-1 nOps=0 nSyncs=2 createExec=0 createSync=1
🧱 [executor-init] node=5 segment=2 kind=attn role=redundant enabled=0 activeLayer=11 redundantLayer=11 nOps=15 nSyncs=1 createExec=1 createSync=1
🧱 [executor-init] node=5 segment=3 kind=ffn role=redundant enabled=0 activeLayer=11 redundantLayer=11 nOps=6 nSyncs=0 createExec=1 createSync=0
🧱 [executor-init] node=5 segment=4 kind=attn role=primary enabled=1 activeLayer=12 redundantLayer=-1 nOps=15 nSyncs=1 createExec=1 createSync=1
🧱 [executor-init] node=5 segment=5 kind=ffn role=primary enabled=1 activeLayer=12 redundantLayer=-1 nOps=11 nSyncs=1 createExec=1 createSync=1
🧱 [executor-init] node=5 segment=6 kind=attn role=primary enabled=1 activeLayer=13 redundantLayer=-1 nOps=15 nSyncs=1 createExec=1 createSync=1
🧱 [executor-init] node=5 segment=7 kind=ffn role=primary enabled=1 activeLayer=13 redundantLayer=-1 nOps=11 nSyncs=1 createExec=1 createSync=1
🧱 [executor-init] node=5 segment=8 kind=attn role=primary enabled=1 activeLayer=14 redundantLayer=-1 nOps=15 nSyncs=1 createExec=1 createSync=1
🧱 [executor-init] node=5 segment=9 kind=ffn role=primary enabled=1 activeLayer=14 redundantLayer=-1 nOps=11 nSyncs=1 createExec=1 createSync=1
🧱 [executor-init] node=5 segment=10 kind=attn role=primary enabled=1 activeLayer=15 redundantLayer=-1 nOps=15 nSyncs=1 createExec=1 createSync=1
🧱 [executor-init] node=5 segment=11 kind=ffn role=primary enabled=1 activeLayer=15 redundantLayer=-1 nOps=11 nSyncs=1 createExec=1 createSync=1
🧱 [executor-init] node=5 segment=12 kind=attn role=primary enabled=1 activeLayer=16 redundantLayer=-1 nOps=15 nSyncs=1 createExec=1 createSync=1
🧱 [executor-init] node=5 segment=13 kind=ffn role=primary enabled=1 activeLayer=16 redundantLayer=-1 nOps=11 nSyncs=1 createExec=1 createSync=1
🧱 [executor-init] node=5 segment=14 kind=attn role=primary enabled=1 activeLayer=17 redundantLayer=-1 nOps=15 nSyncs=1 createExec=1 createSync=1
🧱 [executor-init] node=5 segment=15 kind=ffn role=primary enabled=1 activeLayer=17 redundantLayer=-1 nOps=11 nSyncs=1 createExec=1 createSync=1
🧱 [executor-init] node=5 segment=16 kind=attn role=primary enabled=1 activeLayer=18 redundantLayer=-1 nOps=15 nSyncs=1 createExec=1 createSync=1
🧱 [executor-init] node=5 segment=17 kind=ffn role=primary enabled=1 activeLayer=18 redundantLayer=-1 nOps=11 nSyncs=1 createExec=1 createSync=1
