Listening on 0.0.0.0:19991...
⭕ The root node has connected
⭕ peerWorkers: 1
⭕ NodeIndex: 0
⭕ Socket[0]: accepted root node
⭕ Connect worker-pair: localWorker=0 -> expectedPeerWorker=1 (127.0.0.1:19992)
⭕ Socket[1]: connected to worker(globalNode=2, workerIndex=1)
⭕ Network is initialized
📀 RequiredMemory: 1323 MB
🔍 [DEBUG] parseStageDefs received: "1:2*1"
⚖️  [Auto-Split] Stage 0 (Weight 3.00): Assigned 21 layers
⚖️  [Auto-Split] Stage 1 (Weight 1.00): Assigned 7 layers
🧠 CPU: avx2 avx512f
🧱 [executor-init] node=1 segment=0 kind=other role=unguarded enabled=1 activeLayer=-1 redundantLayer=-1 nOps=0 nSyncs=1 createExec=0 createSync=1
🧱 [executor-init] node=1 segment=1 kind=attn role=primary enabled=1 activeLayer=0 redundantLayer=-1 nOps=15 nSyncs=1 createExec=1 createSync=1
🧱 [executor-init] node=1 segment=2 kind=ffn role=primary enabled=1 activeLayer=0 redundantLayer=-1 nOps=11 nSyncs=1 createExec=1 createSync=1
🧱 [executor-init] node=1 segment=3 kind=attn role=primary enabled=1 activeLayer=1 redundantLayer=-1 nOps=15 nSyncs=1 createExec=1 createSync=1
🧱 [executor-init] node=1 segment=4 kind=ffn role=primary enabled=1 activeLayer=1 redundantLayer=-1 nOps=11 nSyncs=1 createExec=1 createSync=1
🧱 [executor-init] node=1 segment=5 kind=attn role=primary enabled=1 activeLayer=2 redundantLayer=-1 nOps=15 nSyncs=1 createExec=1 createSync=1
🧱 [executor-init] node=1 segment=6 kind=ffn role=primary enabled=1 activeLayer=2 redundantLayer=-1 nOps=11 nSyncs=1 createExec=1 createSync=1
🧱 [executor-init] node=1 segment=7 kind=attn role=primary enabled=1 activeLayer=3 redundantLayer=-1 nOps=15 nSyncs=1 createExec=1 createSync=1
🧱 [executor-init] node=1 segment=8 kind=ffn role=primary enabled=1 activeLayer=3 redundantLayer=-1 nOps=11 nSyncs=1 createExec=1 createSync=1
🧱 [executor-init] node=1 segment=9 kind=attn role=primary enabled=1 activeLayer=4 redundantLayer=-1 nOps=15 nSyncs=1 createExec=1 createSync=1
🧱 [executor-init] node=1 segment=10 kind=ffn role=primary enabled=1 activeLayer=4 redundantLayer=-1 nOps=11 nSyncs=1 createExec=1 createSync=1
🧱 [executor-init] node=1 segment=11 kind=attn role=primary enabled=1 activeLayer=5 redundantLayer=-1 nOps=15 nSyncs=1 createExec=1 createSync=1
🧱 [executor-init] node=1 segment=12 kind=ffn role=primary enabled=1 activeLayer=5 redundantLayer=-1 nOps=11 nSyncs=1 createExec=1 createSync=1
🧱 [executor-init] node=1 segment=13 kind=attn role=primary enabled=1 activeLayer=6 redundantLayer=-1 nOps=15 nSyncs=1 createExec=1 createSync=1
🧱 [executor-init] node=1 segment=14 kind=ffn role=primary enabled=1 activeLayer=6 redundantLayer=-1 nOps=11 nSyncs=1 createExec=1 createSync=1
🧱 [executor-init] node=1 segment=15 kind=attn role=primary enabled=1 activeLayer=7 redundantLayer=-1 nOps=15 nSyncs=1 createExec=1 createSync=1
🧱 [executor-init] node=1 segment=16 kind=ffn role=primary enabled=1 activeLayer=7 redundantLayer=-1 nOps=11 nSyncs=1 createExec=1 createSync=1
🧱 [executor-init] node=1 segment=17 kind=attn role=primary enabled=1 activeLayer=8 redundantLayer=-1 nOps=15 nSyncs=1 createExec=1 createSync=1
🧱 [executor-init] node=1 segment=18 kind=ffn role=primary enabled=1 activeLayer=8 redundantLayer=-1 nOps=11 nSyncs=1 createExec=1 createSync=1
🧱 [executor-init] node=1 segment=19 kind=attn role=primary enabled=1 activeLayer=9 redundantLayer=-1 nOps=15 nSyncs=1 createExec=1 createSync=1
🧱 [executor-init] node=1 segment=20 kind=ffn role=primary enabled=1 activeLayer=9 redundantLayer=-1 nOps=11 nSyncs=1 createExec=1 createSync=1
🧱 [executor-init] node=1 segment=21 kind=attn role=primary enabled=1 activeLayer=10 redundantLayer=-1 nOps=15 nSyncs=1 createExec=1 createSync=1
🧱 [executor-init] node=1 segment=22 kind=ffn role=primary enabled=1 activeLayer=10 redundantLayer=-1 nOps=11 nSyncs=1 createExec=1 createSync=1
🧱 [executor-init] node=1 segment=23 kind=attn role=primary enabled=1 activeLayer=11 redundantLayer=-1 nOps=15 nSyncs=1 createExec=1 createSync=1
🧱 [executor-init] node=1 segment=24 kind=ffn role=pri