weak_node=4 weak_ip=172.22.0.5
=== 0:b01ab_vg_ablation_skew_20260527_080133_vg_ablati_n0 ===
qdisc prio 1: root refcnt 49 bands 3 priomap 1 2 2 2 1 2 0 0 1 1 1 1 1 1 1 1
qdisc netem 30: parent 1:3 limit 1000 delay 80ms rate 2Mbit
filter protocol ip pref 3 u32 chain 0 
filter protocol ip pref 3 u32 chain 0 fh 800: ht divisor 1 
filter protocol ip pref 3 u32 chain 0 fh 800::800 order 2048 key ht 800 bkt 0 flowid 1:3 not_in_hw 
  match ac160005/ffffffff at 16

rc=0

=== 1:b01ab_vg_ablation_skew_20260527_080133_vg_ablati_n1 ===
qdisc prio 1: root refcnt 49 bands 3 priomap 1 2 2 2 1 2 0 0 1 1 1 1 1 1 1 1
qdisc netem 30: parent 1:3 limit 1000 delay 80ms rate 2Mbit
filter protocol ip pref 3 u32 chain 0 
filter protocol ip pref 3 u32 chain 0 fh 800: ht divisor 1 
filter protocol ip pref 3 u32 chain 0 fh 800::800 order 2048 key ht 800 bkt 0 flowid 1:3 not_in_hw 
  match ac160005/ffffffff at 16

rc=0

=== 2:b01ab_vg_ablation_skew_20260527_080133_vg_ablati_n2 ===
qdisc prio 1: root refcnt 49 bands 3 priomap 1 2 2 2 1 2 0 0 1 1 1 1 1 1 1 1
qdisc netem 30: parent 1:3 limit 1000 delay 80ms rate 2Mbit
filter protocol ip pref 3 u32 chain 0 
filter protocol ip pref 3 u32 chain 0 fh 800: ht divisor 1 
filter protocol ip pref 3 u32 chain 0 fh 800::800 order 2048 key ht 800 bkt 0 flowid 1:3 not_in_hw 
  match ac160005/ffffffff at 16

rc=0

=== 3:b01ab_vg_ablation_skew_20260527_080133_vg_ablati_n3 ===
qdisc prio 1: root refcnt 49 bands 3 priomap 1 2 2 2 1 2 0 0 1 1 1 1 1 1 1 1
qdisc netem 30: parent 1:3 limit 1000 delay 80ms rate 2Mbit
filter protocol ip pref 3 u32 chain 0 
filter protocol ip pref 3 u32 chain 0 fh 800: ht divisor 1 
filter protocol ip pref 3 u32 chain 0 fh 800::800 order 2048 key ht 800 bkt 0 flowid 1:3 not_in_hw 
  match ac160005/ffffffff at 16

rc=0

=== 4:b01ab_vg_ablation_skew_20260527_080133_vg_ablati_n4 ===
qdisc netem 8369: root refcnt 49 limit 1000 delay 80ms rate 2Mbit

rc=0

=== 5:b01ab_vg_ablation_skew_20260527_080133_vg_ablati_n5 ===
qdisc prio 1: root refcnt 49 bands 3 priomap 1 2 2 2 1 2 0 0 1 1 1 1 1 1 1 1
qdisc netem 30: parent 1:3 limit 1000 delay 80ms rate 2Mbit
filter protocol ip pref 3 u32 chain 0 
filter protocol ip pref 3 u32 chain 0 fh 800: ht divisor 1 
filter protocol ip pref 3 u32 chain 0 fh 800::800 order 2048 key ht 800 bkt 0 flowid 1:3 not_in_hw 
  match ac160005/ffffffff at 16

rc=0

=== 6:b01ab_vg_ablation_skew_20260527_080133_vg_ablati_n6 ===
qdisc prio 1: root refcnt 49 bands 3 priomap 1 2 2 2 1 2 0 0 1 1 1 1 1 1 1 1
qdisc netem 30: parent 1:3 limit 1000 delay 80ms rate 2Mbit
filter protocol ip pref 3 u32 chain 0 
filter protocol ip pref 3 u32 chain 0 fh 800: ht divisor 1 
filter protocol ip pref 3 u32 chain 0 fh 800::800 order 2048 key ht 800 bkt 0 flowid 1:3 not_in_hw 
  match ac160005/ffffffff at 16

rc=0

=== 7:b01ab_vg_ablation_skew_20260527_080133_vg_ablati_n7 ===
qdisc prio 1: root refcnt 49 bands 3 priomap 1 2 2 2 1 2 0 0 1 1 1 1 1 1 1 1
qdisc netem 30: parent 1:3 limit 1000 delay 80ms rate 2Mbit
filter protocol ip pref 3 u32 chain 0 
filter protocol ip pref 3 u32 chain 0 fh 800: ht divisor 1 
filter protocol ip pref 3 u32 chain 0 fh 800::800 order 2048 key ht 800 bkt 0 flowid 1:3 not_in_hw 
  match ac160005/ffffffff at 16

rc=0
